# JRE version: OpenJDK Runtime Environment Temurin-21.0.7+6 (21.0.7+6) (build 21.0.7+6-LTS)
# Java VM: OpenJDK 64-Bit Server VM Temurin-21.0.7+6 (21.0.7+6-LTS, mixed mode, sharing, tiered, compressed oops, compressed class ptrs, parallel gc, windows-amd64)
GC Precious Log:
 CardTable entry size: 512
 CPUs: 8 total, 8 available
 Memory: 14249M
 Large Page Support: Disabled
 NUMA Support: Disabled
 Compressed Oops: Enabled (32-bit)
 Alignments: Space 512K, Generation 512K, Heap 2M
 Heap Min Capacity: 100M
 Heap Initial Capacity: 100M
 Heap Max Capacity: 1G
 Pre-touch: Disabled
 Parallel Workers: 8
Heap:
 PSYoungGen      total 15872K, used 4406K [0x00000000eab00000, 0x00000000ec880000, 0x0000000100000000)
  eden space 12288K, 6% used [0x00000000eab00000,0x00000000eabd55c0,0x00000000eb700000)
  from space 3584K, 99% used [0x00000000ebe00000,0x00000000ec178590,0x00000000ec180000)
  to   space 7168K, 0% used [0x00000000eb700000,0x00000000eb700000,0x00000000ebe00000)
 ParOldGen       total 68608K, used 56269K [0x00000000c0000000, 0x00000000c4300000, 0x00000000eab00000)
  object space 68608K, 82% used [0x00000000c0000000,0x00000000c36f34e0,0x00000000c4300000)
 Metaspace       used 52024K, committed 53376K, reserved 1114112K
  class space    used 5534K, committed 6144K, reserved 1048576K
GC Heap History (20 events):
Event: 44.943 GC heap before
{Heap before GC invocations=24 (full 2):
 PSYoungGen      total 23552K, used 23172K [0x00000000eab00000, 0x00000000ec400000, 0x0000000100000000)
  eden space 21504K, 100% used [0x00000000eab00000,0x00000000ec000000,0x00000000ec000000)
  from space 2048K, 81% used [0x00000000ec000000,0x00000000ec1a1000,0x00000000ec200000)
  to   space 2048K, 0% used [0x00000000ec200000,0x00000000ec200000,0x00000000ec400000)
 ParOldGen       total 68608K, used 33070K [0x00000000c0000000, 0x00000000c4300000, 0x00000000eab00000)
  object space 68608K, 48% used [0x00000000c0000000,0x00000000c204ba40,0x00000000c4300000)
 Metaspace       used 45912K, committed 47104K, reserved 1114112K
  class space    used 4864K, committed 5440K, reserved 1048576K
}
Event: 44.949 GC heap after
{Heap after GC invocations=24 (full 2):
 PSYoungGen      total 23552K, used 1952K [0x00000000eab00000, 0x00000000ec400000, 0x0000000100000000)
  eden space 21504K, 0% used [0x00000000eab00000,0x00000000eab00000,0x00000000ec000000)
  from space 2048K, 95% used [0x00000000ec200000,0x00000000ec3e8000,0x00000000ec400000)
  to   space 2048K, 0% used [0x00000000ec000000,0x00000000ec000000,0x00000000ec200000)
 ParOldGen       total 68608K, used 34660K [0x00000000c0000000, 0x00000000c4300000, 0x00000000eab00000)
  object space 68608K, 50% used [0x00000000c0000000,0x00000000c21d9068,0x00000000c4300000)
 Metaspace       used 45912K, committed 47104K, reserved 1114112K
  class space    used 4864K, committed 5440K, reserved 1048576K
}
Event: 45.103 GC heap before
{Heap before GC invocations=25 (full 2):
 PSYoungGen      total 23552K, used 23456K [0x00000000eab00000, 0x00000000ec400000, 0x0000000100000000)
  eden space 21504K, 100% used [0x00000000eab00000,0x00000000ec000000,0x00000000ec000000)
  from space 2048K, 95% used [0x00000000ec200000,0x00000000ec3e8000,0x00000000ec400000)
  to   space 2048K, 0% used [0x00000000ec000000,0x00000000ec000000,0x00000000ec200000)
 ParOldGen       total 68608K, used 34660K [0x00000000c0000000, 0x00000000c4300000, 0x00000000eab00000)
  object space 68608K, 50% used [0x00000000c0000000,0x00000000c21d9068,0x00000000c4300000)
 Metaspace       used 46547K, committed 47808K, reserved 1114112K
  class space    used 4934K, committed 5504K, reserved 1048576K
}
Event: 45.110 GC heap after
{Heap after GC invocations=25 (full 2):
 PSYoungGen      total 23552K, used 2040K [0x00000000eab00000, 0x00000000ec900000, 0x0000000100000000)
  eden space 21504K, 0% used [0x00000000eab00000,0x00000000eab00000,0x00000000ec000000)
  from space 2048K, 99% used [0x00000000ec000000,0x00000000ec1fe1b8,0x00000000ec200000)
  to   space 4608K, 0% used [0x00000000ec480000,0x00000000ec480000,0x00000000ec900000)
 ParOldGen       total 68608K, used 36538K [0x00000000c0000000, 0x00000000c4300000, 0x00000000eab00000)
  object space 68608K, 53% used [0x00000000c0000000,0x00000000c23ae840,0x00000000c4300000)
 Metaspace       used 46547K, committed 47808K, reserved 1114112K
  class space    used 4934K, committed 5504K, reserved 1048576K
}
Event: 45.289 GC heap before
{Heap before GC invocations=26 (full 2):
 PSYoungGen      total 23552K, used 23544K [0x00000000eab00000, 0x00000000ec900000, 0x0000000100000000)
  eden space 21504K, 100% used [0x00000000eab00000,0x00000000ec000000,0x00000000ec000000)
  from space 2048K, 99% used [0x00000000ec000000,0x00000000ec1fe1b8,0x00000000ec200000)
  to   space 4608K, 0% used [0x00000000ec480000,0x00000000ec480000,0x00000000ec900000)
 ParOldGen       total 68608K, used 36538K [0x00000000c0000000, 0x00000000c4300000, 0x00000000eab00000)
  object space 68608K, 53% used [0x00000000c0000000,0x00000000c23ae840,0x00000000c4300000)
 Metaspace       used 46869K, committed 48128K, reserved 1114112K
  class space    used 4976K, committed 5504K, reserved 1048576K
}
Event: 45.298 GC heap after
{Heap after GC invocations=26 (full 2):
 PSYoungGen      total 24064K, used 2117K [0x00000000eab00000, 0x00000000ec700000, 0x0000000100000000)
  eden space 21504K, 0% used [0x00000000eab00000,0x00000000eab00000,0x00000000ec000000)
  from space 2560K, 82% used [0x00000000ec480000,0x00000000ec691748,0x00000000ec700000)
  to   space 3072K, 0% used [0x00000000ec100000,0x00000000ec100000,0x00000000ec400000)
 ParOldGen       total 68608K, used 38562K [0x00000000c0000000, 0x00000000c4300000, 0x00000000eab00000)
  object space 68608K, 56% used [0x00000000c0000000,0x00000000c25a8880,0x00000000c4300000)
 Metaspace       used 46869K, committed 48128K, reserved 1114112K
  class space    used 4976K, committed 5504K, reserved 1048576K
}
Event: 45.563 GC heap before
{Heap before GC invocations=27 (full 2):
 PSYoungGen      total 24064K, used 23589K [0x00000000eab00000, 0x00000000ec700000, 0x0000000100000000)
  eden space 21504K, 99% used [0x00000000eab00000,0x00000000ebff7f28,0x00000000ec000000)
  from space 2560K, 82% used [0x00000000ec480000,0x00000000ec691748,0x00000000ec700000)
  to   space 3072K, 0% used [0x00000000ec100000,0x00000000ec100000,0x00000000ec400000)
 ParOldGen       total 68608K, used 38562K [0x00000000c0000000, 0x00000000c4300000, 0x00000000eab00000)
  object space 68608K, 56% used [0x00000000c0000000,0x00000000c25a8880,0x00000000c4300000)
 Metaspace       used 47429K, committed 48704K, reserved 1114112K
  class space    used 5048K, committed 5632K, reserved 1048576K
}
Event: 45.570 GC heap after
{Heap after GC invocations=27 (full 2):
 PSYoungGen      total 23552K, used 1812K [0x00000000eab00000, 0x00000000ec500000, 0x0000000100000000)
  eden space 21504K, 0% used [0x00000000eab00000,0x00000000eab00000,0x00000000ec000000)
  from space 2048K, 88% used [0x00000000ec100000,0x00000000ec2c53e8,0x00000000ec300000)
  to   space 2048K, 0% used [0x00000000ec300000,0x00000000ec300000,0x00000000ec500000)
 ParOldGen       total 68608K, used 40390K [0x00000000c0000000, 0x00000000c4300000, 0x00000000eab00000)
  object space 68608K, 58% used [0x00000000c0000000,0x00000000c2771b08,0x00000000c4300000)
 Metaspace       used 47429K, committed 48704K, reserved 1114112K
  class space    used 5048K, committed 5632K, reserved 1048576K
}
Event: 46.165 GC heap before
{Heap before GC invocations=28 (full 2):
 PSYoungGen      total 23552K, used 23316K [0x00000000eab00000, 0x00000000ec500000, 0x0000000100000000)
  eden space 21504K, 100% used [0x00000000eab00000,0x00000000ec000000,0x00000000ec000000)
  from space 2048K, 88% used [0x00000000ec100000,0x00000000ec2c53e8,0x00000000ec300000)
  to   space 2048K, 0% used [0x00000000ec300000,0x00000000ec300000,0x00000000ec500000)
 ParOldGen       total 68608K, used 40390K [0x00000000c0000000, 0x00000000c4300000, 0x00000000eab00000)
  object space 68608K, 58% used [0x00000000c0000000,0x00000000c2771b08,0x00000000c4300000)
 Metaspace       used 48214K, committed 49408K, reserved 1114112K
  class space    used 5126K, committed 5632K, reserved 1048576K
}
Event: 46.174 GC heap after
{Heap after GC invocations=28 (full 2):
 PSYoungGen      total 18944K, used 2032K [0x00000000eab00000, 0x00000000ecf00000, 0x0000000100000000)
  eden space 16896K, 0% used [0x00000000eab00000,0x00000000eab00000,0x00000000ebb80000)
  from space 2048K, 99% used [0x00000000ec300000,0x00000000ec4fc0b0,0x00000000ec500000)
  to   space 7680K, 0% used [0x00000000ebb80000,0x00000000ebb80000,0x00000000ec300000)
 ParOldGen       total 68608K, used 44980K [0x00000000c0000000, 0x00000000c4300000, 0x00000000eab00000)
  object space 68608K, 65% used [0x00000000c0000000,0x00000000c2bed250,0x00000000c4300000)
 Metaspace       used 48214K, committed 49408K, reserved 1114112K
  class space    used 5126K, committed 5632K, reserved 1048576K
}
Event: 46.342 GC heap before
{Heap before GC invocations=29 (full 2):
 PSYoungGen      total 18944K, used 18928K [0x00000000eab00000, 0x00000000ecf00000, 0x0000000100000000)
  eden space 16896K, 100% used [0x00000000eab00000,0x00000000ebb80000,0x00000000ebb80000)
  from space 2048K, 99% used [0x00000000ec300000,0x00000000ec4fc0b0,0x00000000ec500000)
  to   space 7680K, 0% used [0x00000000ebb80000,0x00000000ebb80000,0x00000000ec300000)
 ParOldGen       total 68608K, used 44980K [0x00000000c0000000, 0x00000000c4300000, 0x00000000eab00000)
  object space 68608K, 65% used [0x00000000c0000000,0x00000000c2bed250,0x00000000c4300000)
 Metaspace       used 48375K, committed 49600K, reserved 1114112K
  class space    used 5142K, committed 5696K, reserved 1048576K
}
Event: 46.348 GC heap after
{Heap after GC invocations=29 (full 2):
 PSYoungGen      total 18432K, used 1216K [0x00000000eab00000, 0x00000000ec380000, 0x0000000100000000)
  eden space 16896K, 0% used [0x00000000eab00000,0x00000000eab00000,0x00000000ebb80000)
  from space 1536K, 79% used [0x00000000ebb80000,0x00000000ebcb0000,0x00000000ebd00000)
  to   space 3584K, 0% used [0x00000000ec000000,0x00000000ec000000,0x00000000ec380000)
 ParOldGen       total 68608K, used 47028K [0x00000000c0000000, 0x00000000c4300000, 0x00000000eab00000)
  object space 68608K, 68% used [0x00000000c0000000,0x00000000c2ded000,0x00000000c4300000)
 Metaspace       used 48375K, committed 49600K, reserved 1114112K
  class space    used 5142K, committed 5696K, reserved 1048576K
}
Event: 46.512 GC heap before
{Heap before GC invocations=30 (full 2):
 PSYoungGen      total 18432K, used 18112K [0x00000000eab00000, 0x00000000ec380000, 0x0000000100000000)
  eden space 16896K, 100% used [0x00000000eab00000,0x00000000ebb80000,0x00000000ebb80000)
  from space 1536K, 79% used [0x00000000ebb80000,0x00000000ebcb0000,0x00000000ebd00000)
  to   space 3584K, 0% used [0x00000000ec000000,0x00000000ec000000,0x00000000ec380000)
 ParOldGen       total 68608K, used 47028K [0x00000000c0000000, 0x00000000c4300000, 0x00000000eab00000)
  object space 68608K, 68% used [0x00000000c0000000,0x00000000c2ded000,0x00000000c4300000)
 Metaspace       used 48552K, committed 49792K, reserved 1114112K
  class space    used 5158K, committed 5696K, reserved 1048576K
}
Event: 46.518 GC heap after
{Heap after GC invocations=30 (full 2):
 PSYoungGen      total 18432K, used 1120K [0x00000000eab00000, 0x00000000ec180000, 0x0000000100000000)
  eden space 16896K, 0% used [0x00000000eab00000,0x00000000eab00000,0x00000000ebb80000)
  from space 1536K, 72% used [0x00000000ec000000,0x00000000ec118000,0x00000000ec180000)
  to   space 1536K, 0% used [0x00000000ebb80000,0x00000000ebb80000,0x00000000ebd00000)
 ParOldGen       total 68608K, used 48076K [0x00000000c0000000, 0x00000000c4300000, 0x00000000eab00000)
  object space 68608K, 70% used [0x00000000c0000000,0x00000000c2ef3000,0x00000000c4300000)
 Metaspace       used 48552K, committed 49792K, reserved 1114112K
  class space    used 5158K, committed 5696K, reserved 1048576K
}
Event: 46.883 GC heap before
{Heap before GC invocations=31 (full 2):
 PSYoungGen      total 18432K, used 18016K [0x00000000eab00000, 0x00000000ec180000, 0x0000000100000000)
  eden space 16896K, 100% used [0x00000000eab00000,0x00000000ebb80000,0x00000000ebb80000)
  from space 1536K, 72% used [0x00000000ec000000,0x00000000ec118000,0x00000000ec180000)
  to   space 1536K, 0% used [0x00000000ebb80000,0x00000000ebb80000,0x00000000ebd00000)
 ParOldGen       total 68608K, used 48076K [0x00000000c0000000, 0x00000000c4300000, 0x00000000eab00000)
  object space 68608K, 70% used [0x00000000c0000000,0x00000000c2ef3000,0x00000000c4300000)
 Metaspace       used 50087K, committed 51328K, reserved 1114112K
  class space    used 5310K, committed 5888K, reserved 1048576K
}
Event: 46.889 GC heap after
{Heap after GC invocations=31 (full 2):
 PSYoungGen      total 18432K, used 1357K [0x00000000eab00000, 0x00000000ec080000, 0x0000000100000000)
  eden space 16896K, 0% used [0x00000000eab00000,0x00000000eab00000,0x00000000ebb80000)
  from space 1536K, 88% used [0x00000000ebb80000,0x00000000ebcd3468,0x00000000ebd00000)
  to   space 1536K, 0% used [0x00000000ebf00000,0x00000000ebf00000,0x00000000ec080000)
 ParOldGen       total 68608K, used 49817K [0x00000000c0000000, 0x00000000c4300000, 0x00000000eab00000)
  object space 68608K, 72% used [0x00000000c0000000,0x00000000c30a6510,0x00000000c4300000)
 Metaspace       used 50087K, committed 51328K, reserved 1114112K
  class space    used 5310K, committed 5888K, reserved 1048576K
}
Event: 47.303 GC heap before
{Heap before GC invocations=32 (full 2):
 PSYoungGen      total 18432K, used 18253K [0x00000000eab00000, 0x00000000ec080000, 0x0000000100000000)
  eden space 16896K, 100% used [0x00000000eab00000,0x00000000ebb80000,0x00000000ebb80000)
  from space 1536K, 88% used [0x00000000ebb80000,0x00000000ebcd3468,0x00000000ebd00000)
  to   space 1536K, 0% used [0x00000000ebf00000,0x00000000ebf00000,0x00000000ec080000)
 ParOldGen       total 68608K, used 49817K [0x00000000c0000000, 0x00000000c4300000, 0x00000000eab00000)
  object space 68608K, 72% used [0x00000000c0000000,0x00000000c30a6510,0x00000000c4300000)
 Metaspace       used 51103K, committed 52416K, reserved 1114112K
  class space    used 5422K, committed 6016K, reserved 1048576K
}
Event: 47.308 GC heap after
{Heap after GC invocations=32 (full 2):
 PSYoungGen      total 17408K, used 1519K [0x00000000eab00000, 0x00000000ec480000, 0x0000000100000000)
  eden space 15872K, 0% used [0x00000000eab00000,0x00000000eab00000,0x00000000eba80000)
  from space 1536K, 98% used [0x00000000ebf00000,0x00000000ec07bf88,0x00000000ec080000)
  to   space 4608K, 0% used [0x00000000eba80000,0x00000000eba80000,0x00000000ebf00000)
 ParOldGen       total 68608K, used 52074K [0x00000000c0000000, 0x00000000c4300000, 0x00000000eab00000)
  object space 68608K, 75% used [0x00000000c0000000,0x00000000c32dabe0,0x00000000c4300000)
 Metaspace       used 51103K, committed 52416K, reserved 1114112K
  class space    used 5422K, committed 6016K, reserved 1048576K
}
Event: 47.680 GC heap before
{Heap before GC invocations=33 (full 2):
 PSYoungGen      total 17408K, used 17391K [0x00000000eab00000, 0x00000000ec480000, 0x0000000100000000)
  eden space 15872K, 100% used [0x00000000eab00000,0x00000000eba80000,0x00000000eba80000)
  from space 1536K, 98% used [0x00000000ebf00000,0x00000000ec07bf88,0x00000000ec080000)
  to   space 4608K, 0% used [0x00000000eba80000,0x00000000eba80000,0x00000000ebf00000)
 ParOldGen       total 68608K, used 52074K [0x00000000c0000000, 0x00000000c4300000, 0x00000000eab00000)
  object space 68608K, 75% used [0x00000000c0000000,0x00000000c32dabe0,0x00000000c4300000)
 Metaspace       used 51717K, committed 52992K, reserved 1114112K
  class space    used 5496K, committed 6080K, reserved 1048576K
}
Event: 47.687 GC heap after
{Heap after GC invocations=33 (full 2):
 PSYoungGen      total 18944K, used 3017K [0x00000000eab00000, 0x00000000ec180000, 0x0000000100000000)
  eden space 15872K, 0% used [0x00000000eab00000,0x00000000eab00000,0x00000000eba80000)
  from space 3072K, 98% used [0x00000000eba80000,0x00000000ebd72480,0x00000000ebd80000)
  to   space 3584K, 0% used [0x00000000ebe00000,0x00000000ebe00000,0x00000000ec180000)
 ParOldGen       total 68608K, used 53531K [0x00000000c0000000, 0x00000000c4300000, 0x00000000eab00000)
  object space 68608K, 78% used [0x00000000c0000000,0x00000000c3446e58,0x00000000c4300000)
 Metaspace       used 51717K, committed 52992K, reserved 1114112K
  class space    used 5496K, committed 6080K, reserved 1048576K
}

