# JRE version: OpenJDK Runtime Environment Temurin-21.0.7+6 (21.0.7+6) (build 21.0.7+6-LTS)
# Java VM: OpenJDK 64-Bit Server VM Temurin-21.0.7+6 (21.0.7+6-LTS, mixed mode, sharing, tiered, compressed oops, compressed class ptrs, parallel gc, windows-amd64)
GC Precious Log:
 CardTable entry size: 512
 CPUs: 8 total, 8 available
 Memory: 14249M
 Large Page Support: Disabled
 NUMA Support: Disabled
 Compressed Oops: Enabled (32-bit)
 Alignments: Space 512K, Generation 512K, Heap 2M
 Heap Min Capacity: 100M
 Heap Initial Capacity: 100M
 Heap Max Capacity: 1G
 Pre-touch: Disabled
 Parallel Workers: 8
Heap:
 PSYoungGen      total 10752K, used 3716K [0x00000000eab00000, 0x00000000eb800000, 0x0000000100000000)
  eden space 10240K, 31% used [0x00000000eab00000,0x00000000eae23e20,0x00000000eb500000)
  from space 512K, 97% used [0x00000000eb780000,0x00000000eb7fd200,0x00000000eb800000)
  to   space 1536K, 0% used [0x00000000eb500000,0x00000000eb500000,0x00000000eb680000)
 ParOldGen       total 495616K, used 495125K [0x00000000c0000000, 0x00000000de400000, 0x00000000eab00000)
  object space 495616K, 99% used [0x00000000c0000000,0x00000000de385438,0x00000000de400000)
 Metaspace       used 95304K, committed 96896K, reserved 1179648K
  class space    used 9107K, committed 9856K, reserved 1048576K
GC Heap History (20 events):
Event: 533880.334 GC heap before
{Heap before GC invocations=5939 (full 12):
 PSYoungGen      total 12288K, used 12062K [0x00000000eab00000, 0x00000000eba00000, 0x0000000100000000)
  eden space 10240K, 100% used [0x00000000eab00000,0x00000000eb500000,0x00000000eb500000)
  from space 2048K, 89% used [0x00000000eb800000,0x00000000eb9c7b30,0x00000000eba00000)
  to   space 2560K, 0% used [0x00000000eb500000,0x00000000eb500000,0x00000000eb780000)
 ParOldGen       total 487936K, used 487606K [0x00000000c0000000, 0x00000000ddc80000, 0x00000000eab00000)
  object space 487936K, 99% used [0x00000000c0000000,0x00000000ddc2d868,0x00000000ddc80000)
 Metaspace       used 95294K, committed 96896K, reserved 1179648K
  class space    used 9107K, committed 9856K, reserved 1048576K
}
Event: 533880.338 GC heap after
{Heap after GC invocations=5939 (full 12):
 PSYoungGen      total 12800K, used 2542K [0x00000000eab00000, 0x00000000ebb00000, 0x0000000100000000)
  eden space 10240K, 0% used [0x00000000eab00000,0x00000000eab00000,0x00000000eb500000)
  from space 2560K, 99% used [0x00000000eb500000,0x00000000eb77bb40,0x00000000eb780000)
  to   space 3072K, 0% used [0x00000000eb800000,0x00000000eb800000,0x00000000ebb00000)
 ParOldGen       total 487936K, used 487890K [0x00000000c0000000, 0x00000000ddc80000, 0x00000000eab00000)
  object space 487936K, 99% used [0x00000000c0000000,0x00000000ddc748b8,0x00000000ddc80000)
 Metaspace       used 95294K, committed 96896K, reserved 1179648K
  class space    used 9107K, committed 9856K, reserved 1048576K
}
Event: 533880.749 GC heap before
{Heap before GC invocations=5940 (full 12):
 PSYoungGen      total 12800K, used 12782K [0x00000000eab00000, 0x00000000ebb00000, 0x0000000100000000)
  eden space 10240K, 100% used [0x00000000eab00000,0x00000000eb500000,0x00000000eb500000)
  from space 2560K, 99% used [0x00000000eb500000,0x00000000eb77bb40,0x00000000eb780000)
  to   space 3072K, 0% used [0x00000000eb800000,0x00000000eb800000,0x00000000ebb00000)
 ParOldGen       total 487936K, used 487890K [0x00000000c0000000, 0x00000000ddc80000, 0x00000000eab00000)
  object space 487936K, 99% used [0x00000000c0000000,0x00000000ddc748b8,0x00000000ddc80000)
 Metaspace       used 95294K, committed 96896K, reserved 1179648K
  class space    used 9107K, committed 9856K, reserved 1048576K
}
Event: 533880.754 GC heap after
{Heap after GC invocations=5940 (full 12):
 PSYoungGen      total 12800K, used 2052K [0x00000000eab00000, 0x00000000eba80000, 0x0000000100000000)
  eden space 10240K, 0% used [0x00000000eab00000,0x00000000eab00000,0x00000000eb500000)
  from space 2560K, 80% used [0x00000000eb800000,0x00000000eba01210,0x00000000eba80000)
  to   space 2560K, 0% used [0x00000000eb500000,0x00000000eb500000,0x00000000eb780000)
 ParOldGen       total 489984K, used 489620K [0x00000000c0000000, 0x00000000dde80000, 0x00000000eab00000)
  object space 489984K, 99% used [0x00000000c0000000,0x00000000dde252c0,0x00000000dde80000)
 Metaspace       used 95294K, committed 96896K, reserved 1179648K
  class space    used 9107K, committed 9856K, reserved 1048576K
}
Event: 533880.804 GC heap before
{Heap before GC invocations=5941 (full 12):
 PSYoungGen      total 12800K, used 12292K [0x00000000eab00000, 0x00000000eba80000, 0x0000000100000000)
  eden space 10240K, 100% used [0x00000000eab00000,0x00000000eb500000,0x00000000eb500000)
  from space 2560K, 80% used [0x00000000eb800000,0x00000000eba01210,0x00000000eba80000)
  to   space 2560K, 0% used [0x00000000eb500000,0x00000000eb500000,0x00000000eb780000)
 ParOldGen       total 489984K, used 489620K [0x00000000c0000000, 0x00000000dde80000, 0x00000000eab00000)
  object space 489984K, 99% used [0x00000000c0000000,0x00000000dde252c0,0x00000000dde80000)
 Metaspace       used 95294K, committed 96896K, reserved 1179648K
  class space    used 9107K, committed 9856K, reserved 1048576K
}
Event: 533880.808 GC heap after
{Heap after GC invocations=5941 (full 12):
 PSYoungGen      total 12800K, used 2548K [0x00000000eab00000, 0x00000000ebc00000, 0x0000000100000000)
  eden space 10240K, 0% used [0x00000000eab00000,0x00000000eab00000,0x00000000eb500000)
  from space 2560K, 99% used [0x00000000eb500000,0x00000000eb77d220,0x00000000eb780000)
  to   space 3584K, 0% used [0x00000000eb880000,0x00000000eb880000,0x00000000ebc00000)
 ParOldGen       total 490496K, used 490014K [0x00000000c0000000, 0x00000000ddf00000, 0x00000000eab00000)
  object space 490496K, 99% used [0x00000000c0000000,0x00000000dde87b20,0x00000000ddf00000)
 Metaspace       used 95294K, committed 96896K, reserved 1179648K
  class space    used 9107K, committed 9856K, reserved 1048576K
}
Event: 533881.549 GC heap before
{Heap before GC invocations=5942 (full 12):
 PSYoungGen      total 12800K, used 12788K [0x00000000eab00000, 0x00000000ebc00000, 0x0000000100000000)
  eden space 10240K, 100% used [0x00000000eab00000,0x00000000eb500000,0x00000000eb500000)
  from space 2560K, 99% used [0x00000000eb500000,0x00000000eb77d220,0x00000000eb780000)
  to   space 3584K, 0% used [0x00000000eb880000,0x00000000eb880000,0x00000000ebc00000)
 ParOldGen       total 490496K, used 490014K [0x00000000c0000000, 0x00000000ddf00000, 0x00000000eab00000)
  object space 490496K, 99% used [0x00000000c0000000,0x00000000dde87b20,0x00000000ddf00000)
 Metaspace       used 95302K, committed 96896K, reserved 1179648K
  class space    used 9107K, committed 9856K, reserved 1048576K
}
Event: 533881.555 GC heap after
{Heap after GC invocations=5942 (full 12):
 PSYoungGen      total 12288K, used 1844K [0x00000000eab00000, 0x00000000eba80000, 0x0000000100000000)
  eden space 10240K, 0% used [0x00000000eab00000,0x00000000eab00000,0x00000000eb500000)
  from space 2048K, 90% used [0x00000000eb880000,0x00000000eba4d220,0x00000000eba80000)
  to   space 2560K, 0% used [0x00000000eb580000,0x00000000eb580000,0x00000000eb800000)
 ParOldGen       total 492032K, used 491845K [0x00000000c0000000, 0x00000000de080000, 0x00000000eab00000)
  object space 492032K, 99% used [0x00000000c0000000,0x00000000de051750,0x00000000de080000)
 Metaspace       used 95302K, committed 96896K, reserved 1179648K
  class space    used 9107K, committed 9856K, reserved 1048576K
}
Event: 533881.616 GC heap before
{Heap before GC invocations=5943 (full 12):
 PSYoungGen      total 12288K, used 12084K [0x00000000eab00000, 0x00000000eba80000, 0x0000000100000000)
  eden space 10240K, 100% used [0x00000000eab00000,0x00000000eb500000,0x00000000eb500000)
  from space 2048K, 90% used [0x00000000eb880000,0x00000000eba4d220,0x00000000eba80000)
  to   space 2560K, 0% used [0x00000000eb580000,0x00000000eb580000,0x00000000eb800000)
 ParOldGen       total 492032K, used 491845K [0x00000000c0000000, 0x00000000de080000, 0x00000000eab00000)
  object space 492032K, 99% used [0x00000000c0000000,0x00000000de051750,0x00000000de080000)
 Metaspace       used 95302K, committed 96896K, reserved 1179648K
  class space    used 9107K, committed 9856K, reserved 1048576K
}
Event: 533881.620 GC heap after
{Heap after GC invocations=5943 (full 12):
 PSYoungGen      total 12800K, used 2553K [0x00000000eab00000, 0x00000000ebb00000, 0x0000000100000000)
  eden space 10240K, 0% used [0x00000000eab00000,0x00000000eab00000,0x00000000eb500000)
  from space 2560K, 99% used [0x00000000eb580000,0x00000000eb7fe410,0x00000000eb800000)
  to   space 3072K, 0% used [0x00000000eb800000,0x00000000eb800000,0x00000000ebb00000)
 ParOldGen       total 492544K, used 492149K [0x00000000c0000000, 0x00000000de100000, 0x00000000eab00000)
  object space 492544K, 99% used [0x00000000c0000000,0x00000000de09d770,0x00000000de100000)
 Metaspace       used 95302K, committed 96896K, reserved 1179648K
  class space    used 9107K, committed 9856K, reserved 1048576K
}
Event: 533881.903 GC heap before
{Heap before GC invocations=5944 (full 12):
 PSYoungGen      total 12800K, used 12793K [0x00000000eab00000, 0x00000000ebb00000, 0x0000000100000000)
  eden space 10240K, 100% used [0x00000000eab00000,0x00000000eb500000,0x00000000eb500000)
  from space 2560K, 99% used [0x00000000eb580000,0x00000000eb7fe410,0x00000000eb800000)
  to   space 3072K, 0% used [0x00000000eb800000,0x00000000eb800000,0x00000000ebb00000)
 ParOldGen       total 492544K, used 492149K [0x00000000c0000000, 0x00000000de100000, 0x00000000eab00000)
  object space 492544K, 99% used [0x00000000c0000000,0x00000000de09d770,0x00000000de100000)
 Metaspace       used 95302K, committed 96896K, reserved 1179648K
  class space    used 9107K, committed 9856K, reserved 1048576K
}
Event: 533881.907 GC heap after
{Heap after GC invocations=5944 (full 12):
 PSYoungGen      total 11776K, used 1112K [0x00000000eab00000, 0x00000000eb980000, 0x0000000100000000)
  eden space 10240K, 0% used [0x00000000eab00000,0x00000000eab00000,0x00000000eb500000)
  from space 1536K, 72% used [0x00000000eb800000,0x00000000eb916010,0x00000000eb980000)
  to   space 2048K, 0% used [0x00000000eb580000,0x00000000eb580000,0x00000000eb780000)
 ParOldGen       total 494080K, used 493690K [0x00000000c0000000, 0x00000000de280000, 0x00000000eab00000)
  object space 494080K, 99% used [0x00000000c0000000,0x00000000de21e8d0,0x00000000de280000)
 Metaspace       used 95302K, committed 96896K, reserved 1179648K
  class space    used 9107K, committed 9856K, reserved 1048576K
}
Event: 533881.960 GC heap before
{Heap before GC invocations=5945 (full 12):
 PSYoungGen      total 11776K, used 11352K [0x00000000eab00000, 0x00000000eb980000, 0x0000000100000000)
  eden space 10240K, 100% used [0x00000000eab00000,0x00000000eb500000,0x00000000eb500000)
  from space 1536K, 72% used [0x00000000eb800000,0x00000000eb916010,0x00000000eb980000)
  to   space 2048K, 0% used [0x00000000eb580000,0x00000000eb580000,0x00000000eb780000)
 ParOldGen       total 494080K, used 493690K [0x00000000c0000000, 0x00000000de280000, 0x00000000eab00000)
  object space 494080K, 99% used [0x00000000c0000000,0x00000000de21e8d0,0x00000000de280000)
 Metaspace       used 95302K, committed 96896K, reserved 1179648K
  class space    used 9107K, committed 9856K, reserved 1048576K
}
Event: 533881.964 GC heap after
{Heap after GC invocations=5945 (full 12):
 PSYoungGen      total 12288K, used 2044K [0x00000000eab00000, 0x00000000eba00000, 0x0000000100000000)
  eden space 10240K, 0% used [0x00000000eab00000,0x00000000eab00000,0x00000000eb500000)
  from space 2048K, 99% used [0x00000000eb580000,0x00000000eb77f220,0x00000000eb780000)
  to   space 2560K, 0% used [0x00000000eb780000,0x00000000eb780000,0x00000000eba00000)
 ParOldGen       total 494080K, used 493706K [0x00000000c0000000, 0x00000000de280000, 0x00000000eab00000)
  object space 494080K, 99% used [0x00000000c0000000,0x00000000de2228d0,0x00000000de280000)
 Metaspace       used 95302K, committed 96896K, reserved 1179648K
  class space    used 9107K, committed 9856K, reserved 1048576K
}
Event: 533882.183 GC heap before
{Heap before GC invocations=5946 (full 12):
 PSYoungGen      total 12288K, used 12284K [0x00000000eab00000, 0x00000000eba00000, 0x0000000100000000)
  eden space 10240K, 100% used [0x00000000eab00000,0x00000000eb500000,0x00000000eb500000)
  from space 2048K, 99% used [0x00000000eb580000,0x00000000eb77f220,0x00000000eb780000)
  to   space 2560K, 0% used [0x00000000eb780000,0x00000000eb780000,0x00000000eba00000)
 ParOldGen       total 494080K, used 493706K [0x00000000c0000000, 0x00000000de280000, 0x00000000eab00000)
  object space 494080K, 99% used [0x00000000c0000000,0x00000000de2228d0,0x00000000de280000)
 Metaspace       used 95302K, committed 96896K, reserved 1179648K
  class space    used 9107K, committed 9856K, reserved 1048576K
}
Event: 533882.187 GC heap after
{Heap after GC invocations=5946 (full 12):
 PSYoungGen      total 11776K, used 1060K [0x00000000eab00000, 0x00000000eb900000, 0x0000000100000000)
  eden space 10240K, 0% used [0x00000000eab00000,0x00000000eab00000,0x00000000eb500000)
  from space 1536K, 69% used [0x00000000eb780000,0x00000000eb889210,0x00000000eb900000)
  to   space 1536K, 0% used [0x00000000eb600000,0x00000000eb600000,0x00000000eb780000)
 ParOldGen       total 495104K, used 494676K [0x00000000c0000000, 0x00000000de380000, 0x00000000eab00000)
  object space 495104K, 99% used [0x00000000c0000000,0x00000000de3153e8,0x00000000de380000)
 Metaspace       used 95302K, committed 96896K, reserved 1179648K
  class space    used 9107K, committed 9856K, reserved 1048576K
}
Event: 533882.239 GC heap before
{Heap before GC invocations=5947 (full 12):
 PSYoungGen      total 11776K, used 11300K [0x00000000eab00000, 0x00000000eb900000, 0x0000000100000000)
  eden space 10240K, 100% used [0x00000000eab00000,0x00000000eb500000,0x00000000eb500000)
  from space 1536K, 69% used [0x00000000eb780000,0x00000000eb889210,0x00000000eb900000)
  to   space 1536K, 0% used [0x00000000eb600000,0x00000000eb600000,0x00000000eb780000)
 ParOldGen       total 495104K, used 494676K [0x00000000c0000000, 0x00000000de380000, 0x00000000eab00000)
  object space 495104K, 99% used [0x00000000c0000000,0x00000000de3153e8,0x00000000de380000)
 Metaspace       used 95303K, committed 96896K, reserved 1179648K
  class space    used 9107K, committed 9856K, reserved 1048576K
}
Event: 533882.244 GC heap after
{Heap after GC invocations=5947 (full 12):
 PSYoungGen      total 11776K, used 1162K [0x00000000eab00000, 0x00000000eb800000, 0x0000000100000000)
  eden space 10240K, 0% used [0x00000000eab00000,0x00000000eab00000,0x00000000eb500000)
  from space 1536K, 75% used [0x00000000eb600000,0x00000000eb722910,0x00000000eb780000)
  to   space 512K, 0% used [0x00000000eb780000,0x00000000eb780000,0x00000000eb800000)
 ParOldGen       total 495104K, used 494676K [0x00000000c0000000, 0x00000000de380000, 0x00000000eab00000)
  object space 495104K, 99% used [0x00000000c0000000,0x00000000de3153e8,0x00000000de380000)
 Metaspace       used 95303K, committed 96896K, reserved 1179648K
  class space    used 9107K, committed 9856K, reserved 1048576K
}
Event: 533883.225 GC heap before
{Heap before GC invocations=5948 (full 12):
 PSYoungGen      total 11776K, used 11402K [0x00000000eab00000, 0x00000000eb800000, 0x0000000100000000)
  eden space 10240K, 100% used [0x00000000eab00000,0x00000000eb500000,0x00000000eb500000)
  from space 1536K, 75% used [0x00000000eb600000,0x00000000eb722910,0x00000000eb780000)
  to   space 512K, 0% used [0x00000000eb780000,0x00000000eb780000,0x00000000eb800000)
 ParOldGen       total 495104K, used 494676K [0x00000000c0000000, 0x00000000de380000, 0x00000000eab00000)
  object space 495104K, 99% used [0x00000000c0000000,0x00000000de3153e8,0x00000000de380000)
 Metaspace       used 95303K, committed 96896K, reserved 1179648K
  class space    used 9107K, committed 9856K, reserved 1048576K
}
Event: 533883.229 GC heap after
{Heap after GC invocations=5948 (full 12):
 PSYoungGen      total 10752K, used 500K [0x00000000eab00000, 0x00000000eb800000, 0x0000000100000000)
  eden space 10240K, 0% used [0x00000000eab00000,0x00000000eab00000,0x00000000eb500000)
  from space 512K, 97% used [0x00000000eb780000,0x00000000eb7fd200,0x00000000eb800000)
  to   space 1536K, 0% used [0x00000000eb500000,0x00000000eb500000,0x00000000eb680000)
 ParOldGen       total 495616K, used 495125K [0x00000000c0000000, 0x00000000de400000, 0x00000000eab00000)
  object space 495616K, 99% used [0x00000000c0000000,0x00000000de385438,0x00000000de400000)
 Metaspace       used 95303K, committed 96896K, reserved 1179648K
  class space    used 9107K, committed 9856K, reserved 1048576K
}

